<?xml version="1.0" encoding="UTF-8"?>
<testsuite name="automatas.TransitionCharacterTests" tests="3" skipped="0" failures="0" errors="0" timestamp="2021-06-02T12:04:53" hostname="samvelochka-Lenovo-IdeaPad-S340-14API" time="0.046">
  <properties/>
  <testcase name="testMaybeAmbiguousTransition" classname="automatas.TransitionCharacterTests" time="0.044"/>
  <testcase name="testRangeTableGet" classname="automatas.TransitionCharacterTests" time="0.0"/>
  <testcase name="testEpsilonDFATableGet" classname="automatas.TransitionCharacterTests" time="0.0"/>
  <system-out><![CDATA[]]></system-out>
  <system-err><![CDATA[]]></system-err>
</testsuite>
